2017-08-24 20:39:25 INFO  ContextLoader:285 - Root WebApplicationContext: initialization started
2017-08-24 20:39:25 INFO  XmlWebApplicationContext:514 - Refreshing Root WebApplicationContext: startup date [Thu Aug 24 20:39:25 EEST 2017]; root of context hierarchy
2017-08-24 20:39:25 INFO  XmlBeanDefinitionReader:317 - Loading XML bean definitions from ServletContext resource [/WEB-INF/beans_soap.xml]
2017-08-24 20:39:25 INFO  XmlBeanDefinitionReader:317 - Loading XML bean definitions from class path resource [META-INF/cxf/cxf.xml]
2017-08-24 20:39:26 INFO  XmlBeanDefinitionReader:317 - Loading XML bean definitions from ServletContext resource [/WEB-INF/beans_rest.xml]
2017-08-24 20:39:26 INFO  XmlBeanDefinitionReader:317 - Loading XML bean definitions from class path resource [META-INF/cxf/cxf.xml]
2017-08-24 20:39:26 INFO  DefaultListableBeanFactory:822 - Overriding bean definition for bean 'cxf': replacing [Generic bean: class [org.apache.cxf.bus.spring.SpringBus]; scope=; abstract=false; lazyInit=false; autowireMode=0; dependencyCheck=0; autowireCandidate=true; primary=false; factoryBeanName=null; factoryMethodName=null; initMethodName=null; destroyMethodName=shutdown; defined in class path resource [META-INF/cxf/cxf.xml]] with [Generic bean: class [org.apache.cxf.bus.spring.SpringBus]; scope=; abstract=false; lazyInit=false; autowireMode=0; dependencyCheck=0; autowireCandidate=true; primary=false; factoryBeanName=null; factoryMethodName=null; initMethodName=null; destroyMethodName=shutdown; defined in class path resource [META-INF/cxf/cxf.xml]]
2017-08-24 20:39:26 INFO  DefaultListableBeanFactory:822 - Overriding bean definition for bean 'org.apache.cxf.bus.spring.BusWiringBeanFactoryPostProcessor': replacing [Generic bean: class [org.apache.cxf.bus.spring.BusWiringBeanFactoryPostProcessor]; scope=; abstract=false; lazyInit=false; autowireMode=0; dependencyCheck=0; autowireCandidate=true; primary=false; factoryBeanName=null; factoryMethodName=null; initMethodName=null; destroyMethodName=null; defined in class path resource [META-INF/cxf/cxf.xml]] with [Generic bean: class [org.apache.cxf.bus.spring.BusWiringBeanFactoryPostProcessor]; scope=; abstract=false; lazyInit=false; autowireMode=0; dependencyCheck=0; autowireCandidate=true; primary=false; factoryBeanName=null; factoryMethodName=null; initMethodName=null; destroyMethodName=null; defined in class path resource [META-INF/cxf/cxf.xml]]
2017-08-24 20:39:26 INFO  DefaultListableBeanFactory:822 - Overriding bean definition for bean 'org.apache.cxf.bus.spring.Jsr250BeanPostProcessor': replacing [Generic bean: class [org.apache.cxf.bus.spring.Jsr250BeanPostProcessor]; scope=; abstract=false; lazyInit=false; autowireMode=0; dependencyCheck=0; autowireCandidate=true; primary=false; factoryBeanName=null; factoryMethodName=null; initMethodName=null; destroyMethodName=null; defined in class path resource [META-INF/cxf/cxf.xml]] with [Generic bean: class [org.apache.cxf.bus.spring.Jsr250BeanPostProcessor]; scope=; abstract=false; lazyInit=false; autowireMode=0; dependencyCheck=0; autowireCandidate=true; primary=false; factoryBeanName=null; factoryMethodName=null; initMethodName=null; destroyMethodName=null; defined in class path resource [META-INF/cxf/cxf.xml]]
2017-08-24 20:39:26 INFO  DefaultListableBeanFactory:822 - Overriding bean definition for bean 'org.apache.cxf.bus.spring.BusExtensionPostProcessor': replacing [Generic bean: class [org.apache.cxf.bus.spring.BusExtensionPostProcessor]; scope=; abstract=false; lazyInit=false; autowireMode=0; dependencyCheck=0; autowireCandidate=true; primary=false; factoryBeanName=null; factoryMethodName=null; initMethodName=null; destroyMethodName=null; defined in class path resource [META-INF/cxf/cxf.xml]] with [Generic bean: class [org.apache.cxf.bus.spring.BusExtensionPostProcessor]; scope=; abstract=false; lazyInit=false; autowireMode=0; dependencyCheck=0; autowireCandidate=true; primary=false; factoryBeanName=null; factoryMethodName=null; initMethodName=null; destroyMethodName=null; defined in class path resource [META-INF/cxf/cxf.xml]]
2017-08-24 20:39:26 INFO  AutowiredAnnotationBeanPostProcessor:153 - JSR-330 'javax.inject.Inject' annotation found and supported for autowiring
2017-08-24 20:39:28 INFO  ContextLoader:325 - Root WebApplicationContext: initialization completed in 3763 ms
2017-08-24 20:40:16 INFO  BookDAO:22 - findByName method
2017-08-24 20:40:16 INFO  BookDAO:37 - insertBook method
2017-08-24 20:40:20 INFO  BookDAO:22 - findByName method
2017-08-24 20:40:20 INFO  BookDAO:37 - insertBook method
2017-08-24 20:40:30 INFO  BookDAO:22 - findByName method
2017-08-24 20:40:30 INFO  BookDAO:37 - insertBook method
2017-08-24 20:40:30 INFO  BookDAO:22 - findByName method
2017-08-24 20:40:30 INFO  BookDAO:37 - insertBook method
2017-08-24 20:40:32 INFO  BookDAO:22 - findByName method
2017-08-24 20:40:32 INFO  BookDAO:37 - insertBook method
2017-08-24 20:40:32 INFO  BookDAO:22 - findByName method
2017-08-24 20:40:32 INFO  BookDAO:37 - insertBook method
